03/08/2025 11:09:16 AM: INFO ==================== Iteration: 1 ====================
03/08/2025 11:09:16 AM: INFO D*: [4.14804311e+00 1.23082701e+01 1.40990323e-11 5.44634501e+00
 8.09734183e+00]
03/08/2025 11:09:16 AM: INFO A*: [0.04805783 4.00974467 0.9421975  0.         0.        ]
03/08/2025 11:09:16 AM: INFO y_new: 290.2138432076848
03/08/2025 11:09:16 AM: INFO Gains: 69.84900763967775
03/08/2025 11:09:16 AM: INFO Dataset Updated! Observation count: 101
03/08/2025 11:09:16 AM: INFO Model updated and saved!
03/08/2025 11:09:16 AM: INFO ==================== Iteration: 2 ====================
03/08/2025 11:09:16 AM: INFO D*: [4.04608874e+00 1.20707601e+01 1.03314291e-09 5.51207086e+00
 8.37108026e+00]
03/08/2025 11:09:16 AM: INFO A*: [0.07259551 3.99148088 0.93592361 0.         0.        ]
03/08/2025 11:09:16 AM: INFO y_new: 293.34128696019206
03/08/2025 11:09:16 AM: INFO Gains: 70.21388420754084
03/08/2025 11:09:16 AM: INFO Dataset Updated! Observation count: 102
03/08/2025 11:09:16 AM: INFO Model updated and saved!
03/08/2025 11:09:16 AM: INFO ==================== Iteration: 3 ====================
03/08/2025 11:09:16 AM: INFO D*: [4.04553398e+00 1.19189925e+01 3.91876332e-09 5.57864340e+00
 8.45683010e+00]
03/08/2025 11:09:16 AM: INFO A*: [0.06278411 4.0037686  0.9334473  0.         0.        ]
03/08/2025 11:09:16 AM: INFO y_new: 296.0862227509089
03/08/2025 11:09:16 AM: INFO Gains: 70.44821128039561
03/08/2025 11:09:16 AM: INFO Dataset Updated! Observation count: 103
03/08/2025 11:09:16 AM: INFO Model updated and saved!
03/08/2025 11:09:16 AM: INFO ==================== Iteration: 4 ====================
03/08/2025 11:09:16 AM: INFO D*: [4.12427820e+00 1.18199768e+01 1.48979498e-07 5.61727113e+00
 8.43847368e+00]
03/08/2025 11:09:16 AM: INFO A*: [0.02503723 4.04121883 0.93374394 0.         0.        ]
03/08/2025 11:09:16 AM: INFO y_new: 298.765881788304
03/08/2025 11:09:16 AM: INFO Gains: 70.60007018123466
03/08/2025 11:09:16 AM: INFO Dataset Updated! Observation count: 104
03/08/2025 11:09:16 AM: INFO Model updated and saved!
03/08/2025 11:09:16 AM: INFO ==================== Iteration: 5 ====================
03/08/2025 11:09:16 AM: INFO D*: [ 3.27996563 11.72427226  0.94275507  5.50599313  8.54701393]
03/08/2025 11:09:16 AM: INFO A*: [0.12583106 2.83805123 2.03611771 0.         0.        ]
03/08/2025 11:09:16 AM: INFO y_new: 229.13923196340497
03/08/2025 11:09:16 AM: INFO Gains: 53.13988734232498
03/08/2025 11:09:16 AM: INFO Dataset Updated! Observation count: 105
03/08/2025 11:09:16 AM: INFO Model updated and saved!
03/08/2025 11:09:16 AM: INFO ==================== Iteration: 6 ====================
03/08/2025 11:09:16 AM: INFO D*: [ 3.25877444 11.74727254  0.93074819  5.51842155  8.54478327]
03/08/2025 11:09:16 AM: INFO A*: [0.13672817 2.83229978 2.03097206 0.         0.        ]
03/08/2025 11:09:16 AM: INFO y_new: 228.84682708608003
03/08/2025 11:09:16 AM: INFO Gains: 53.2436386576304
03/08/2025 11:09:16 AM: INFO Dataset Updated! Observation count: 106
03/08/2025 11:09:16 AM: INFO Model updated and saved!
03/08/2025 11:09:16 AM: INFO ==================== Iteration: 7 ====================
03/08/2025 11:09:16 AM: INFO D*: [ 3.25624621 11.74382113  0.89539434  5.55124924  8.55328907]
03/08/2025 11:09:16 AM: INFO A*: [0.14042939 2.84406708 2.01550353 0.         0.        ]
03/08/2025 11:09:16 AM: INFO y_new: 229.9148908580969
03/08/2025 11:09:16 AM: INFO Gains: 53.63670683925078
03/08/2025 11:09:16 AM: INFO Dataset Updated! Observation count: 107
03/08/2025 11:09:16 AM: INFO Model updated and saved!
03/08/2025 11:09:16 AM: INFO ==================== Iteration: 8 ====================
03/08/2025 11:09:16 AM: INFO D*: [ 3.3491146  11.74395145  0.89639803  5.58648959  8.42404634]
03/08/2025 11:09:16 AM: INFO A*: [0.10300888 2.87468414 2.02230698 0.         0.        ]
03/08/2025 11:09:16 AM: INFO y_new: 230.8353592854859
03/08/2025 11:09:16 AM: INFO Gains: 53.60716635311597
03/08/2025 11:09:16 AM: INFO Dataset Updated! Observation count: 108
03/08/2025 11:09:16 AM: INFO Model updated and saved!
03/08/2025 11:09:16 AM: INFO ==================== Iteration: 9 ====================
03/08/2025 11:09:16 AM: INFO D*: [ 3.36831026 11.74307486  0.88087476  5.59032872  8.41741141]
03/08/2025 11:09:16 AM: INFO A*: [0.09654306 2.88682972 2.01662722 0.         0.        ]
03/08/2025 11:09:16 AM: INFO y_new: 231.51847626084077
03/08/2025 11:09:16 AM: INFO Gains: 53.778529640564344
03/08/2025 11:09:16 AM: INFO Dataset Updated! Observation count: 109
03/08/2025 11:09:16 AM: INFO Model updated and saved!
03/08/2025 11:09:16 AM: INFO ==================== Iteration: 10 ====================
03/08/2025 11:09:16 AM: INFO D*: [ 3.37527808 11.74203114  0.87283629  5.59172228  8.41813221]
03/08/2025 11:09:16 AM: INFO A*: [0.09437217 2.89225119 2.01337664 0.         0.        ]
03/08/2025 11:09:16 AM: INFO y_new: 231.85581801212518
03/08/2025 11:09:16 AM: INFO Gains: 53.86935083781106
03/08/2025 11:09:16 AM: INFO Dataset Updated! Observation count: 110
03/08/2025 11:09:16 AM: INFO Model updated and saved!
03/08/2025 11:09:16 AM: INFO ==================== Iteration: 11 ====================
03/08/2025 11:09:16 AM: INFO D*: [ 3.37527808 11.74203114  0.87283629  5.59172228  8.41813221]
03/08/2025 11:09:16 AM: INFO A*: [0.09437217 2.89225119 2.01337664 0.         0.        ]
03/08/2025 11:09:16 AM: INFO y_new: 231.85581801212518
03/08/2025 11:09:16 AM: INFO Gains: 53.86935083781106
03/08/2025 11:09:16 AM: INFO Dataset Updated! Observation count: 111
03/08/2025 11:09:16 AM: INFO Model updated and saved!
03/08/2025 11:09:16 AM: INFO ==================== Iteration: 12 ====================
03/08/2025 11:09:16 AM: INFO D*: [ 3.36921732 11.7419483   0.87219832  5.59051013  8.42612593]
03/08/2025 11:09:16 AM: INFO A*: [0.09687711 2.89045738 2.01266551 0.         0.        ]
03/08/2025 11:09:16 AM: INFO y_new: 231.81340268844224
03/08/2025 11:09:16 AM: INFO Gains: 53.87757577683933
03/08/2025 11:09:16 AM: INFO Dataset Updated! Observation count: 112
03/08/2025 11:09:16 AM: INFO Model updated and saved!
03/08/2025 11:09:16 AM: INFO ==================== Iteration: 13 ====================
03/08/2025 11:09:16 AM: INFO D*: [ 3.35749986 11.74178815  0.8709649   5.60483331  8.42491378]
03/08/2025 11:09:16 AM: INFO A*: [0.10171543 2.88699332 2.01129125 0.         0.        ]
03/08/2025 11:09:16 AM: INFO y_new: 231.73176128454372
03/08/2025 11:09:16 AM: INFO Gains: 53.89356144562427
03/08/2025 11:09:16 AM: INFO Dataset Updated! Observation count: 113
03/08/2025 11:09:16 AM: INFO Model updated and saved!
03/08/2025 11:09:16 AM: INFO ==================== Iteration: 14 ====================
03/08/2025 11:09:16 AM: INFO D*: [ 3.35749986 11.74178815  0.8709649   5.60483331  8.42491378]
03/08/2025 11:09:16 AM: INFO A*: [0.10171543 2.88699332 2.01129125 0.         0.        ]
03/08/2025 11:09:16 AM: INFO y_new: 231.73176128454372
03/08/2025 11:09:16 AM: INFO Gains: 53.89356144562427
03/08/2025 11:09:16 AM: INFO Dataset Updated! Observation count: 114
03/08/2025 11:09:16 AM: INFO Model updated and saved!
03/08/2025 11:09:16 AM: INFO ==================== Iteration: 15 ====================
03/08/2025 11:09:16 AM: INFO D*: [ 3.36366695 11.74187244  0.86284214  5.60606672  8.42555175]
03/08/2025 11:09:16 AM: INFO A*: [0.09996174 2.89209055 2.00794771 0.         0.        ]
03/08/2025 11:09:16 AM: INFO y_new: 232.04573444936156
03/08/2025 11:09:16 AM: INFO Gains: 53.98459202331773
03/08/2025 11:09:16 AM: INFO Dataset Updated! Observation count: 115
03/08/2025 11:09:16 AM: INFO Model updated and saved!
03/08/2025 11:09:16 AM: INFO ==================== Iteration: 16 ====================
03/08/2025 11:09:16 AM: INFO D*: [ 3.36366695 11.74187244  0.86284214  5.60606672  8.42555175]
03/08/2025 11:09:16 AM: INFO A*: [0.09996174 2.89209055 2.00794771 0.         0.        ]
03/08/2025 11:09:16 AM: INFO y_new: 232.04573444936156
03/08/2025 11:09:16 AM: INFO Gains: 53.98459202331773
03/08/2025 11:09:16 AM: INFO Dataset Updated! Observation count: 116
03/08/2025 11:09:16 AM: INFO Model updated and saved!
03/08/2025 11:09:16 AM: INFO ==================== Iteration: 17 ====================
03/08/2025 11:09:16 AM: INFO D*: [ 3.36366695 11.74187244  0.86284214  5.60606672  8.42555175]
03/08/2025 11:09:16 AM: INFO A*: [0.09996174 2.89209055 2.00794771 0.         0.        ]
03/08/2025 11:09:16 AM: INFO y_new: 232.04573444936156
03/08/2025 11:09:16 AM: INFO Gains: 53.98459202331773
03/08/2025 11:09:16 AM: INFO Dataset Updated! Observation count: 117
03/08/2025 11:09:16 AM: INFO Model updated and saved!
03/08/2025 11:09:16 AM: INFO ==================== Iteration: 18 ====================
03/08/2025 11:09:16 AM: INFO D*: [ 3.36366695 11.74187244  0.86284214  5.60606672  8.42555175]
03/08/2025 11:09:16 AM: INFO A*: [0.09996174 2.89209055 2.00794771 0.         0.        ]
03/08/2025 11:09:16 AM: INFO y_new: 232.04573444936156
03/08/2025 11:09:16 AM: INFO Gains: 53.98459202331773
03/08/2025 11:09:16 AM: INFO Dataset Updated! Observation count: 118
03/08/2025 11:09:16 AM: INFO Model updated and saved!
03/08/2025 11:09:16 AM: INFO ==================== Iteration: 19 ====================
03/08/2025 11:09:16 AM: INFO D*: [ 3.36366695 11.74187244  0.86284214  5.60606672  8.42555175]
03/08/2025 11:09:16 AM: INFO A*: [0.09996174 2.89209055 2.00794771 0.         0.        ]
03/08/2025 11:09:16 AM: INFO y_new: 232.04573444936156
03/08/2025 11:09:16 AM: INFO Gains: 53.98459202331773
03/08/2025 11:09:16 AM: INFO Dataset Updated! Observation count: 119
03/08/2025 11:09:16 AM: INFO Model updated and saved!
03/08/2025 11:09:16 AM: INFO ==================== Iteration: 20 ====================
03/08/2025 11:09:16 AM: INFO D*: [ 3.36366695 11.74187244  0.86284214  5.60606672  8.42555175]
03/08/2025 11:09:16 AM: INFO A*: [0.09996174 2.89209055 2.00794771 0.         0.        ]
03/08/2025 11:09:16 AM: INFO y_new: 232.04573444936156
03/08/2025 11:09:16 AM: INFO Gains: 53.98459202331773
03/08/2025 11:09:16 AM: INFO Dataset Updated! Observation count: 120
03/08/2025 11:09:16 AM: INFO Model updated and saved!
03/08/2025 11:09:16 AM: INFO ==================== Iteration: 21 ====================
03/08/2025 11:09:16 AM: INFO D*: [ 3.36366695 11.74187244  0.86284214  5.60606672  8.42555175]
03/08/2025 11:09:17 AM: INFO A*: [0.09996174 2.89209055 2.00794771 0.         0.        ]
03/08/2025 11:09:17 AM: INFO y_new: 232.04573444936156
03/08/2025 11:09:17 AM: INFO Gains: 53.98459202331773
03/08/2025 11:09:17 AM: INFO Dataset Updated! Observation count: 121
03/08/2025 11:09:17 AM: INFO Model updated and saved!
03/08/2025 11:09:17 AM: INFO ==================== Iteration: 22 ====================
03/08/2025 11:09:17 AM: INFO D*: [ 3.36366695 11.74187244  0.86284214  5.60606672  8.42555175]
03/08/2025 11:09:17 AM: INFO A*: [0.09996174 2.89209055 2.00794771 0.         0.        ]
03/08/2025 11:09:17 AM: INFO y_new: 232.04573444936156
03/08/2025 11:09:17 AM: INFO Gains: 53.98459202331773
03/08/2025 11:09:17 AM: INFO Dataset Updated! Observation count: 122
03/08/2025 11:09:17 AM: INFO Model updated and saved!
03/08/2025 11:09:17 AM: INFO ==================== Iteration: 23 ====================
03/08/2025 11:09:17 AM: INFO D*: [ 3.36366695 11.74187244  0.86284214  5.60606672  8.42555175]
03/08/2025 11:09:17 AM: INFO A*: [0.09996174 2.89209055 2.00794771 0.         0.        ]
03/08/2025 11:09:17 AM: INFO y_new: 232.04573444936156
03/08/2025 11:09:17 AM: INFO Gains: 53.98459202331773
03/08/2025 11:09:17 AM: INFO Dataset Updated! Observation count: 123
03/08/2025 11:09:17 AM: INFO Model updated and saved!
03/08/2025 11:09:17 AM: INFO ==================== Iteration: 24 ====================
03/08/2025 11:09:17 AM: INFO D*: [ 3.36366695 11.74187244  0.86284214  5.60606672  8.42555175]
03/08/2025 11:09:17 AM: INFO A*: [0.09996174 2.89209055 2.00794771 0.         0.        ]
03/08/2025 11:09:17 AM: INFO y_new: 232.04573444936156
03/08/2025 11:09:17 AM: INFO Gains: 53.98459202331773
03/08/2025 11:09:17 AM: INFO Dataset Updated! Observation count: 124
03/08/2025 11:09:17 AM: INFO Model updated and saved!
03/08/2025 11:09:17 AM: INFO ==================== Iteration: 25 ====================
03/08/2025 11:09:17 AM: INFO D*: [ 3.36366695 11.74187244  0.86284214  5.60606672  8.42555175]
03/08/2025 11:09:17 AM: INFO A*: [0.09996174 2.89209055 2.00794771 0.         0.        ]
03/08/2025 11:09:17 AM: INFO y_new: 232.04573444936156
03/08/2025 11:09:17 AM: INFO Gains: 53.98459202331773
03/08/2025 11:09:17 AM: INFO Dataset Updated! Observation count: 125
03/08/2025 11:09:17 AM: INFO Model updated and saved!
03/08/2025 11:09:17 AM: INFO ==================== Iteration: 26 ====================
03/08/2025 11:09:17 AM: INFO D*: [ 3.36366695 11.74187244  0.86284214  5.60606672  8.42555175]
03/08/2025 11:09:17 AM: INFO A*: [0.09996174 2.89209055 2.00794771 0.         0.        ]
03/08/2025 11:09:17 AM: INFO y_new: 232.04573444936156
03/08/2025 11:09:17 AM: INFO Gains: 53.98459202331773
03/08/2025 11:09:17 AM: INFO Dataset Updated! Observation count: 126
03/08/2025 11:09:17 AM: INFO Model updated and saved!
03/08/2025 11:09:17 AM: INFO ==================== Iteration: 27 ====================
03/08/2025 11:09:17 AM: INFO D*: [ 3.36366695 11.74187244  0.86284214  5.60606672  8.42555175]
03/08/2025 11:09:17 AM: INFO A*: [0.09996174 2.89209055 2.00794771 0.         0.        ]
03/08/2025 11:09:17 AM: INFO y_new: 232.04573444936156
03/08/2025 11:09:17 AM: INFO Gains: 53.98459202331773
03/08/2025 11:09:17 AM: INFO Dataset Updated! Observation count: 127
03/08/2025 11:09:17 AM: INFO Model updated and saved!
03/08/2025 11:09:17 AM: INFO ==================== Iteration: 28 ====================
03/08/2025 11:09:17 AM: INFO D*: [ 3.36366695 11.74187244  0.86284214  5.60606672  8.42555175]
03/08/2025 11:09:17 AM: INFO A*: [0.09996174 2.89209055 2.00794771 0.         0.        ]
03/08/2025 11:09:17 AM: INFO y_new: 232.04573444936156
03/08/2025 11:09:17 AM: INFO Gains: 53.98459202331773
03/08/2025 11:09:17 AM: INFO Dataset Updated! Observation count: 128
03/08/2025 11:09:17 AM: INFO Model updated and saved!
03/08/2025 11:09:17 AM: INFO ==================== Iteration: 29 ====================
03/08/2025 11:09:17 AM: INFO D*: [ 3.36366695 11.74187244  0.86284214  5.60606672  8.42555175]
03/08/2025 11:09:17 AM: INFO A*: [0.09996174 2.89209055 2.00794771 0.         0.        ]
03/08/2025 11:09:17 AM: INFO y_new: 232.04573444936156
03/08/2025 11:09:17 AM: INFO Gains: 53.98459202331773
03/08/2025 11:09:17 AM: INFO Dataset Updated! Observation count: 129
03/08/2025 11:09:17 AM: INFO Model updated and saved!
03/08/2025 11:09:17 AM: INFO ==================== Iteration: 30 ====================
03/08/2025 11:09:17 AM: INFO D*: [ 3.36366695 11.74187244  0.86284214  5.60606672  8.42555175]
03/08/2025 11:09:17 AM: INFO A*: [0.09996174 2.89209055 2.00794771 0.         0.        ]
03/08/2025 11:09:17 AM: INFO y_new: 232.04573444936156
03/08/2025 11:09:17 AM: INFO Gains: 53.98459202331773
03/08/2025 11:09:17 AM: INFO Dataset Updated! Observation count: 130
03/08/2025 11:09:17 AM: INFO Model updated and saved!
03/08/2025 11:09:17 AM: INFO Updated data saved!
03/08/2025 11:09:17 AM: INFO Terminated after 31 iterations.
03/08/2025 11:10:04 AM: INFO ==================== Iteration: 1 ====================
03/08/2025 11:10:04 AM: INFO D*: [4.14804311e+00 1.23082701e+01 1.40990323e-11 5.44634501e+00
 8.09734183e+00]
03/08/2025 11:10:04 AM: INFO A*: [0.04805783 4.00974467 0.9421975  0.         0.        ]
03/08/2025 11:10:04 AM: INFO y_new: 290.2138432076848
03/08/2025 11:10:04 AM: INFO Gains: 69.84900763967775
03/08/2025 11:10:04 AM: INFO Dataset Updated! Observation count: 101
03/08/2025 11:10:04 AM: INFO Model updated and saved!
03/08/2025 11:10:04 AM: INFO ==================== Iteration: 2 ====================
03/08/2025 11:10:04 AM: INFO D*: [4.04608874e+00 1.20707601e+01 1.03314291e-09 5.51207086e+00
 8.37108026e+00]
03/08/2025 11:10:04 AM: INFO A*: [0.07259551 3.99148088 0.93592361 0.         0.        ]
03/08/2025 11:10:04 AM: INFO y_new: 293.34128696019206
03/08/2025 11:10:04 AM: INFO Gains: 70.21388420754084
03/08/2025 11:10:04 AM: INFO Dataset Updated! Observation count: 102
03/08/2025 11:10:04 AM: INFO Model updated and saved!
03/08/2025 11:10:04 AM: INFO ==================== Iteration: 3 ====================
03/08/2025 11:10:04 AM: INFO D*: [4.04553398e+00 1.19189925e+01 3.91876332e-09 5.57864340e+00
 8.45683010e+00]
03/08/2025 11:10:04 AM: INFO A*: [0.06278411 4.0037686  0.9334473  0.         0.        ]
03/08/2025 11:10:04 AM: INFO y_new: 296.0862227509089
03/08/2025 11:10:04 AM: INFO Gains: 70.44821128039561
03/08/2025 11:10:04 AM: INFO Dataset Updated! Observation count: 103
03/08/2025 11:10:04 AM: INFO Model updated and saved!
03/08/2025 11:10:04 AM: INFO ==================== Iteration: 4 ====================
03/08/2025 11:10:04 AM: INFO D*: [4.12427820e+00 1.18199768e+01 1.48979498e-07 5.61727113e+00
 8.43847368e+00]
03/08/2025 11:10:04 AM: INFO A*: [0.02503723 4.04121883 0.93374394 0.         0.        ]
03/08/2025 11:10:04 AM: INFO y_new: 298.765881788304
03/08/2025 11:10:04 AM: INFO Gains: 70.60007018123466
03/08/2025 11:10:04 AM: INFO Dataset Updated! Observation count: 104
03/08/2025 11:10:04 AM: INFO Model updated and saved!
03/08/2025 11:10:04 AM: INFO ==================== Iteration: 5 ====================
03/08/2025 11:10:04 AM: INFO D*: [ 3.27996563 11.72427226  0.94275507  5.50599313  8.54701393]
03/08/2025 11:10:04 AM: INFO A*: [0.12583106 2.83805123 2.03611771 0.         0.        ]
03/08/2025 11:10:04 AM: INFO y_new: 229.13923196340497
03/08/2025 11:10:04 AM: INFO Gains: 53.13988734232498
03/08/2025 11:10:04 AM: INFO Dataset Updated! Observation count: 105
03/08/2025 11:10:04 AM: INFO Model updated and saved!
03/08/2025 11:10:04 AM: INFO ==================== Iteration: 6 ====================
03/08/2025 11:10:04 AM: INFO D*: [ 3.25877444 11.74727254  0.93074819  5.51842155  8.54478327]
03/08/2025 11:10:04 AM: INFO A*: [0.13672817 2.83229978 2.03097206 0.         0.        ]
03/08/2025 11:10:04 AM: INFO y_new: 228.84682708608003
03/08/2025 11:10:04 AM: INFO Gains: 53.2436386576304
03/08/2025 11:10:04 AM: INFO Dataset Updated! Observation count: 106
03/08/2025 11:10:04 AM: INFO Model updated and saved!
03/08/2025 11:10:04 AM: INFO ==================== Iteration: 7 ====================
03/08/2025 11:10:04 AM: INFO D*: [ 3.25624621 11.74382113  0.89539434  5.55124924  8.55328907]
03/08/2025 11:10:04 AM: INFO A*: [0.14042939 2.84406708 2.01550353 0.         0.        ]
03/08/2025 11:10:04 AM: INFO y_new: 229.9148908580969
03/08/2025 11:10:04 AM: INFO Gains: 53.63670683925078
03/08/2025 11:10:04 AM: INFO Dataset Updated! Observation count: 107
03/08/2025 11:10:04 AM: INFO Model updated and saved!
03/08/2025 11:10:04 AM: INFO ==================== Iteration: 8 ====================
03/08/2025 11:10:04 AM: INFO D*: [ 3.3491146  11.74395145  0.89639803  5.58648959  8.42404634]
03/08/2025 11:10:04 AM: INFO A*: [0.10300888 2.87468414 2.02230698 0.         0.        ]
03/08/2025 11:10:04 AM: INFO y_new: 230.8353592854859
03/08/2025 11:10:04 AM: INFO Gains: 53.60716635311597
03/08/2025 11:10:04 AM: INFO Dataset Updated! Observation count: 108
03/08/2025 11:10:04 AM: INFO Model updated and saved!
03/08/2025 11:10:04 AM: INFO ==================== Iteration: 9 ====================
03/08/2025 11:10:04 AM: INFO D*: [ 3.36831026 11.74307486  0.88087476  5.59032872  8.41741141]
03/08/2025 11:10:04 AM: INFO A*: [0.09654306 2.88682972 2.01662722 0.         0.        ]
03/08/2025 11:10:04 AM: INFO y_new: 231.51847626084077
03/08/2025 11:10:04 AM: INFO Gains: 53.778529640564344
03/08/2025 11:10:04 AM: INFO Dataset Updated! Observation count: 109
03/08/2025 11:10:04 AM: INFO Model updated and saved!
03/08/2025 11:10:04 AM: INFO ==================== Iteration: 10 ====================
03/08/2025 11:10:04 AM: INFO D*: [ 3.37527808 11.74203114  0.87283629  5.59172228  8.41813221]
03/08/2025 11:10:04 AM: INFO A*: [0.09437217 2.89225119 2.01337664 0.         0.        ]
03/08/2025 11:10:04 AM: INFO y_new: 231.85581801212518
03/08/2025 11:10:04 AM: INFO Gains: 53.86935083781106
03/08/2025 11:10:04 AM: INFO Dataset Updated! Observation count: 110
03/08/2025 11:10:04 AM: INFO Model updated and saved!
03/08/2025 11:10:04 AM: INFO ==================== Iteration: 11 ====================
03/08/2025 11:10:04 AM: INFO D*: [ 3.37527808 11.74203114  0.87283629  5.59172228  8.41813221]
03/08/2025 11:10:04 AM: INFO A*: [0.09437217 2.89225119 2.01337664 0.         0.        ]
03/08/2025 11:10:04 AM: INFO y_new: 231.85581801212518
03/08/2025 11:10:04 AM: INFO Gains: 53.86935083781106
03/08/2025 11:10:04 AM: INFO Dataset Updated! Observation count: 111
03/08/2025 11:10:04 AM: INFO Model updated and saved!
03/08/2025 11:10:04 AM: INFO ==================== Iteration: 12 ====================
03/08/2025 11:10:04 AM: INFO D*: [ 3.36921732 11.7419483   0.87219832  5.59051013  8.42612593]
03/08/2025 11:10:04 AM: INFO A*: [0.09687711 2.89045738 2.01266551 0.         0.        ]
03/08/2025 11:10:04 AM: INFO y_new: 231.81340268844224
03/08/2025 11:10:04 AM: INFO Gains: 53.87757577683933
03/08/2025 11:10:04 AM: INFO Dataset Updated! Observation count: 112
03/08/2025 11:10:04 AM: INFO Model updated and saved!
03/08/2025 11:10:04 AM: INFO ==================== Iteration: 13 ====================
03/08/2025 11:10:04 AM: INFO D*: [ 3.35749986 11.74178815  0.8709649   5.60483331  8.42491378]
03/08/2025 11:10:04 AM: INFO A*: [0.10171543 2.88699332 2.01129125 0.         0.        ]
03/08/2025 11:10:04 AM: INFO y_new: 231.73176128454372
03/08/2025 11:10:04 AM: INFO Gains: 53.89356144562427
03/08/2025 11:10:04 AM: INFO Dataset Updated! Observation count: 113
03/08/2025 11:10:04 AM: INFO Model updated and saved!
03/08/2025 11:10:04 AM: INFO ==================== Iteration: 14 ====================
03/08/2025 11:10:04 AM: INFO D*: [ 3.35749986 11.74178815  0.8709649   5.60483331  8.42491378]
03/08/2025 11:10:04 AM: INFO A*: [0.10171543 2.88699332 2.01129125 0.         0.        ]
03/08/2025 11:10:04 AM: INFO y_new: 231.73176128454372
03/08/2025 11:10:04 AM: INFO Gains: 53.89356144562427
03/08/2025 11:10:04 AM: INFO Dataset Updated! Observation count: 114
03/08/2025 11:10:04 AM: INFO Model updated and saved!
03/08/2025 11:10:04 AM: INFO ==================== Iteration: 15 ====================
03/08/2025 11:10:04 AM: INFO D*: [ 3.36366695 11.74187244  0.86284214  5.60606672  8.42555175]
03/08/2025 11:10:04 AM: INFO A*: [0.09996174 2.89209055 2.00794771 0.         0.        ]
03/08/2025 11:10:04 AM: INFO y_new: 232.04573444936156
03/08/2025 11:10:04 AM: INFO Gains: 53.98459202331773
03/08/2025 11:10:04 AM: INFO Dataset Updated! Observation count: 115
03/08/2025 11:10:04 AM: INFO Model updated and saved!
03/08/2025 11:10:04 AM: INFO ==================== Iteration: 16 ====================
03/08/2025 11:10:04 AM: INFO D*: [ 3.36366695 11.74187244  0.86284214  5.60606672  8.42555175]
03/08/2025 11:10:04 AM: INFO A*: [0.09996174 2.89209055 2.00794771 0.         0.        ]
03/08/2025 11:10:04 AM: INFO y_new: 232.04573444936156
03/08/2025 11:10:04 AM: INFO Gains: 53.98459202331773
03/08/2025 11:10:04 AM: INFO Dataset Updated! Observation count: 116
03/08/2025 11:10:04 AM: INFO Model updated and saved!
03/08/2025 11:10:04 AM: INFO ==================== Iteration: 17 ====================
03/08/2025 11:10:04 AM: INFO D*: [ 3.36366695 11.74187244  0.86284214  5.60606672  8.42555175]
03/08/2025 11:10:04 AM: INFO A*: [0.09996174 2.89209055 2.00794771 0.         0.        ]
03/08/2025 11:10:04 AM: INFO y_new: 232.04573444936156
03/08/2025 11:10:04 AM: INFO Gains: 53.98459202331773
03/08/2025 11:10:04 AM: INFO Dataset Updated! Observation count: 117
03/08/2025 11:10:04 AM: INFO Model updated and saved!
03/08/2025 11:10:04 AM: INFO ==================== Iteration: 18 ====================
03/08/2025 11:10:04 AM: INFO D*: [ 3.36366695 11.74187244  0.86284214  5.60606672  8.42555175]
03/08/2025 11:10:04 AM: INFO A*: [0.09996174 2.89209055 2.00794771 0.         0.        ]
03/08/2025 11:10:04 AM: INFO y_new: 232.04573444936156
03/08/2025 11:10:04 AM: INFO Gains: 53.98459202331773
03/08/2025 11:10:04 AM: INFO Dataset Updated! Observation count: 118
03/08/2025 11:10:04 AM: INFO Model updated and saved!
03/08/2025 11:10:04 AM: INFO ==================== Iteration: 19 ====================
03/08/2025 11:10:04 AM: INFO D*: [ 3.36366695 11.74187244  0.86284214  5.60606672  8.42555175]
03/08/2025 11:10:04 AM: INFO A*: [0.09996174 2.89209055 2.00794771 0.         0.        ]
03/08/2025 11:10:04 AM: INFO y_new: 232.04573444936156
03/08/2025 11:10:04 AM: INFO Gains: 53.98459202331773
03/08/2025 11:10:04 AM: INFO Dataset Updated! Observation count: 119
03/08/2025 11:10:04 AM: INFO Model updated and saved!
03/08/2025 11:10:04 AM: INFO ==================== Iteration: 20 ====================
03/08/2025 11:10:04 AM: INFO D*: [ 3.36366695 11.74187244  0.86284214  5.60606672  8.42555175]
03/08/2025 11:10:04 AM: INFO A*: [0.09996174 2.89209055 2.00794771 0.         0.        ]
03/08/2025 11:10:04 AM: INFO y_new: 232.04573444936156
03/08/2025 11:10:04 AM: INFO Gains: 53.98459202331773
03/08/2025 11:10:04 AM: INFO Dataset Updated! Observation count: 120
03/08/2025 11:10:04 AM: INFO Model updated and saved!
03/08/2025 11:10:04 AM: INFO ==================== Iteration: 21 ====================
03/08/2025 11:10:04 AM: INFO D*: [ 3.36366695 11.74187244  0.86284214  5.60606672  8.42555175]
03/08/2025 11:10:04 AM: INFO A*: [0.09996174 2.89209055 2.00794771 0.         0.        ]
03/08/2025 11:10:04 AM: INFO y_new: 232.04573444936156
03/08/2025 11:10:04 AM: INFO Gains: 53.98459202331773
03/08/2025 11:10:04 AM: INFO Dataset Updated! Observation count: 121
03/08/2025 11:10:04 AM: INFO Model updated and saved!
03/08/2025 11:10:04 AM: INFO ==================== Iteration: 22 ====================
03/08/2025 11:10:04 AM: INFO D*: [ 3.36366695 11.74187244  0.86284214  5.60606672  8.42555175]
03/08/2025 11:10:04 AM: INFO A*: [0.09996174 2.89209055 2.00794771 0.         0.        ]
03/08/2025 11:10:04 AM: INFO y_new: 232.04573444936156
03/08/2025 11:10:04 AM: INFO Gains: 53.98459202331773
03/08/2025 11:10:04 AM: INFO Dataset Updated! Observation count: 122
03/08/2025 11:10:04 AM: INFO Model updated and saved!
03/08/2025 11:10:04 AM: INFO ==================== Iteration: 23 ====================
03/08/2025 11:10:04 AM: INFO D*: [ 3.36366695 11.74187244  0.86284214  5.60606672  8.42555175]
03/08/2025 11:10:04 AM: INFO A*: [0.09996174 2.89209055 2.00794771 0.         0.        ]
03/08/2025 11:10:04 AM: INFO y_new: 232.04573444936156
03/08/2025 11:10:04 AM: INFO Gains: 53.98459202331773
03/08/2025 11:10:04 AM: INFO Dataset Updated! Observation count: 123
03/08/2025 11:10:04 AM: INFO Model updated and saved!
03/08/2025 11:10:04 AM: INFO ==================== Iteration: 24 ====================
03/08/2025 11:10:04 AM: INFO D*: [ 3.36366695 11.74187244  0.86284214  5.60606672  8.42555175]
03/08/2025 11:10:04 AM: INFO A*: [0.09996174 2.89209055 2.00794771 0.         0.        ]
03/08/2025 11:10:04 AM: INFO y_new: 232.04573444936156
03/08/2025 11:10:04 AM: INFO Gains: 53.98459202331773
03/08/2025 11:10:04 AM: INFO Dataset Updated! Observation count: 124
03/08/2025 11:10:04 AM: INFO Model updated and saved!
03/08/2025 11:10:04 AM: INFO ==================== Iteration: 25 ====================
03/08/2025 11:10:04 AM: INFO D*: [ 3.36366695 11.74187244  0.86284214  5.60606672  8.42555175]
03/08/2025 11:10:04 AM: INFO A*: [0.09996174 2.89209055 2.00794771 0.         0.        ]
03/08/2025 11:10:04 AM: INFO y_new: 232.04573444936156
03/08/2025 11:10:04 AM: INFO Gains: 53.98459202331773
03/08/2025 11:10:04 AM: INFO Dataset Updated! Observation count: 125
03/08/2025 11:10:04 AM: INFO Model updated and saved!
03/08/2025 11:10:04 AM: INFO ==================== Iteration: 26 ====================
03/08/2025 11:10:04 AM: INFO D*: [ 3.36366695 11.74187244  0.86284214  5.60606672  8.42555175]
03/08/2025 11:10:04 AM: INFO A*: [0.09996174 2.89209055 2.00794771 0.         0.        ]
03/08/2025 11:10:04 AM: INFO y_new: 232.04573444936156
03/08/2025 11:10:04 AM: INFO Gains: 53.98459202331773
03/08/2025 11:10:04 AM: INFO Dataset Updated! Observation count: 126
03/08/2025 11:10:04 AM: INFO Model updated and saved!
03/08/2025 11:10:04 AM: INFO ==================== Iteration: 27 ====================
03/08/2025 11:10:04 AM: INFO D*: [ 3.36366695 11.74187244  0.86284214  5.60606672  8.42555175]
03/08/2025 11:10:04 AM: INFO A*: [0.09996174 2.89209055 2.00794771 0.         0.        ]
03/08/2025 11:10:04 AM: INFO y_new: 232.04573444936156
03/08/2025 11:10:04 AM: INFO Gains: 53.98459202331773
03/08/2025 11:10:04 AM: INFO Dataset Updated! Observation count: 127
03/08/2025 11:10:04 AM: INFO Model updated and saved!
03/08/2025 11:10:04 AM: INFO ==================== Iteration: 28 ====================
03/08/2025 11:10:04 AM: INFO D*: [ 3.36366695 11.74187244  0.86284214  5.60606672  8.42555175]
03/08/2025 11:10:04 AM: INFO A*: [0.09996174 2.89209055 2.00794771 0.         0.        ]
03/08/2025 11:10:04 AM: INFO y_new: 232.04573444936156
03/08/2025 11:10:04 AM: INFO Gains: 53.98459202331773
03/08/2025 11:10:04 AM: INFO Dataset Updated! Observation count: 128
03/08/2025 11:10:04 AM: INFO Model updated and saved!
03/08/2025 11:10:04 AM: INFO ==================== Iteration: 29 ====================
03/08/2025 11:10:04 AM: INFO D*: [ 3.36366695 11.74187244  0.86284214  5.60606672  8.42555175]
03/08/2025 11:10:04 AM: INFO A*: [0.09996174 2.89209055 2.00794771 0.         0.        ]
03/08/2025 11:10:04 AM: INFO y_new: 232.04573444936156
03/08/2025 11:10:04 AM: INFO Gains: 53.98459202331773
03/08/2025 11:10:04 AM: INFO Dataset Updated! Observation count: 129
03/08/2025 11:10:05 AM: INFO Model updated and saved!
03/08/2025 11:10:05 AM: INFO ==================== Iteration: 30 ====================
03/08/2025 11:10:05 AM: INFO D*: [ 3.36366695 11.74187244  0.86284214  5.60606672  8.42555175]
03/08/2025 11:10:05 AM: INFO A*: [0.09996174 2.89209055 2.00794771 0.         0.        ]
03/08/2025 11:10:05 AM: INFO y_new: 232.04573444936156
03/08/2025 11:10:05 AM: INFO Gains: 53.98459202331773
03/08/2025 11:10:05 AM: INFO Dataset Updated! Observation count: 130
03/08/2025 11:10:05 AM: INFO Model updated and saved!
03/08/2025 11:10:05 AM: INFO Updated data saved!
03/08/2025 11:10:05 AM: INFO Terminated after 30 iterations.
