  LINGO/WIN64 21.0.0.38 (22 Apr 2025)
 
  LINDO API 15.0.6099.233 (Apr 20 2025 17:45:51)
 
  Copyright (C) 2011-2023 LINDO Systems Inc. Licensed material,
  all rights reserved. Copying except as authorized in license
  agreement is prohibited.
 
  License location: D:\LINGO64_21\lndlng21.lic
 
  Eval Use Only
 
  License expires:  4 Dec 2025
 
  Licensed for commercial use.
  Branch-and-bound solver enabled.
  Nonlinear solver enabled.
  Barrier solver enabled.
  Global solver enabled.
  Integer solver enabled.
  Stochastic solver enabled.
  Conic solver enabled.
 
 
   Parameter        Old Value     New Value
    ECHOIN             0             1
 
:  MODEL:
? MODEL:
? DATA:
? N_TARGETS = @POINTER(1);
? ENDDATA
? SETS:
? TARGETS /1..N_TARGETS/: T, G, P, mu_t, B;
? ENDSETS
? ! Parameters;
? DATA:
? alpha = @POINTER(2);
? beta = @POINTER(3);
? A = @POINTER(4);
? T_BUDGET = @POINTER(5);
? B = @POINTER(6);
? G = @POINTER(7);
? ENDDATA
? ! Success probability;
? @FOR(TARGETS(i):
?     P(i) = beta * T(i) / (beta * T(i) + alpha * G(i) + A);
? );
? ! Objective function (Attacker's);
? [GAINS] MAX = @SUM(TARGETS(i) : B(i) * P(i));
? ! Budget constraints;
? @SUM(TARGETS(i): T(i)) = T_BUDGET;
? ! Results;
? DATA:
? @POINTER(8) = T;
? @POINTER(9) = @STATUS();
? ENDDATA
? END
:  GO
  Compiling model ...
  Structural analysis, pass 1 ...
  Scalarizing model ...
  Generating nonzero matrix ...
  Solving ...
 
  LINGO/WIN64 21.0.38 (22 Apr 2025), LINDO API 15.0.6099.233
 
  Licensee info: Eval Use Only
  License expires:  4 DEC 2025
 
  Local optimal solution found.
  Objective value:                              56.05991
  Infeasibilities:                              0.000000
  Total solver iterations:                            18
  Elapsed runtime seconds:                          0.00
 
  Running output operations ...
 
  Model Class:                                       NLP
 
  Total variables:                     15
  Nonlinear variables:                  5
  Integer variables:                    0
 
  Total constraints:                    7
  Nonlinear constraints:                5
 
  Total nonzeros:                      20
  Nonlinear nonzeros:                   5
 
 
 
                                Variable           Value        Reduced Cost
                               N_TARGETS        5.000000            0.000000
                                   ALPHA        1.000000            0.000000
                                    BETA        1.000000            0.000000
                                       A       0.1000000            0.000000
                                T_BUDGET        5.000000            0.000000
                                   T( 1)        0.000000            2.822238
                                   T( 2)        3.078477            0.000000
                                   T( 3)        1.921523            0.000000
                                   T( 4)        0.000000            4.290596
                                   T( 5)        0.000000            1.092088
                                   G( 1)        8.952959            0.000000
                                   G( 2)        12.88833            0.000000
                                   G( 3)       0.5822064            0.000000
                                   G( 4)        2.599550            0.000000
                                   G( 5)        4.976950            0.000000
                                   P( 1)        0.000000            0.000000
                                   P( 2)       0.1916047            0.000000
                                   P( 3)       0.7379888            0.000000
                                   P( 4)        0.000000            0.000000
                                   P( 5)        0.000000            0.000000
                                MU_T( 1)        1.234568            0.000000
                                MU_T( 2)        1.234568            0.000000
                                MU_T( 3)        1.234568            0.000000
                                MU_T( 4)        1.234568            0.000000
                                MU_T( 5)        1.234568            0.000000
                                   B( 1)        20.00000            0.000000
                                   B( 2)        100.0000            0.000000
                                   B( 3)        50.00000            0.000000
                                   B( 4)        2.000000            0.000000
                                   B( 5)        20.00000            0.000000
 
                                     Row    Slack or Surplus      Dual Price
                                       1        0.000000            20.00000
                                       2        0.000000            100.0000
                                       3        0.000000            50.00000
                                       4        0.000000            2.000000
                                       5        0.000000            20.00000
                                   GAINS        56.05991            1.000000
                                       7        0.000000            5.031461
 
:  QUIT
