01/08/2025 10:05:58 AM: INFO Collecting data for actual_sequential
01/08/2025 10:05:58 AM: INFO Varying parameter: A
01/08/2025 10:05:58 AM: INFO A = 0.0100, losses = 94.19457802007642, gains = 38.337152030273046
01/08/2025 10:05:58 AM: INFO A = 0.0200, losses = 93.97142336995202, gains = 38.30836812758293
01/08/2025 10:05:58 AM: INFO A = 0.0300, losses = 94.53585198449618, gains = 33.65307211360803
01/08/2025 10:05:58 AM: INFO A = 0.0400, losses = 93.52663730963582, gains = 38.25099679481841
01/08/2025 10:05:58 AM: INFO A = 0.0500, losses = 93.30500243753504, gains = 38.22240893652409
01/08/2025 10:05:58 AM: INFO A = 0.0600, losses = 72.13618117580585, gains = 35.346970057419384
01/08/2025 10:05:58 AM: INFO A = 0.0700, losses = 92.86324041355186, gains = 38.16542765849255
01/08/2025 10:05:58 AM: INFO A = 0.0800, losses = 92.64310984667466, gains = 38.137033820037665
01/08/2025 10:05:58 AM: INFO A = 0.0900, losses = 92.42347731275422, gains = 38.108704217145025
01/08/2025 10:05:58 AM: INFO A = 0.1000, losses = 92.2043411235431, gains = 38.08043864076234
01/08/2025 10:05:58 AM: INFO A = 0.1100, losses = 71.3991205092193, gains = 35.25225596880807
01/08/2025 10:05:58 AM: INFO A = 0.1200, losses = 154.62434136616014, gains = 21.7811976100445
01/08/2025 10:05:58 AM: INFO A = 0.1300, losses = 72.59903245137478, gains = 30.591466905251902
01/08/2025 10:05:58 AM: INFO A = 0.1400, losses = 72.50747888542134, gains = 30.58028183299853
01/08/2025 10:05:58 AM: INFO A = 0.1500, losses = 72.41602906288551, gains = 30.56910945899055
01/08/2025 10:05:58 AM: INFO A = 0.1600, losses = 72.32468280753255, gains = 30.557949737721785
01/08/2025 10:05:58 AM: INFO A = 0.1700, losses = 72.23343994352689, gains = 30.546802647751825
01/08/2025 10:05:58 AM: INFO A = 0.1800, losses = 92.2099705656923, gains = 33.36620003970173
01/08/2025 10:05:58 AM: INFO A = 0.1900, losses = 72.05126368820302, gains = 30.524546272291573
01/08/2025 10:05:58 AM: INFO A = 0.2000, losses = 71.96032994719815, gains = 30.513436952999278
01/08/2025 10:05:58 AM: INFO A = 0.2100, losses = 71.869498898165, gains = 30.50234017247754
01/08/2025 10:05:58 AM: INFO A = 0.2200, losses = 71.77877036724597, gains = 30.49125591823671
01/08/2025 10:05:58 AM: INFO A = 0.2300, losses = 71.6881441809754, gains = 30.48018416738273
01/08/2025 10:05:58 AM: INFO A = 0.2400, losses = 71.597620166279, gains = 30.469124899977622
01/08/2025 10:05:58 AM: INFO A = 0.2500, losses = 71.50719815047243, gains = 30.458078091397752
01/08/2025 10:05:58 AM: INFO A = 0.2600, losses = 71.41687796126017, gains = 30.44704372603086
01/08/2025 10:05:58 AM: INFO A = 0.2700, losses = 71.32665942673475, gains = 30.436021775838043
01/08/2025 10:05:58 AM: INFO A = 0.2800, losses = 71.23654237537528, gains = 30.425012225738897
01/08/2025 10:05:58 AM: INFO A = 0.2900, losses = 71.14652663604653, gains = 30.414015052954063
01/08/2025 10:05:58 AM: INFO A = 0.3000, losses = 71.05661203799798, gains = 30.403030224753152
01/08/2025 10:05:58 AM: INFO A = 0.3100, losses = 68.5124192288949, gains = 34.88130790111814
01/08/2025 10:05:58 AM: INFO A = 0.3200, losses = 68.37061283813591, gains = 34.863085438236354
01/08/2025 10:05:58 AM: INFO A = 0.3300, losses = 68.22904285703086, gains = 34.84489335298997
01/08/2025 10:05:58 AM: INFO A = 0.3400, losses = 68.08770869488382, gains = 34.826731572258716
01/08/2025 10:05:58 AM: INFO A = 0.3500, losses = 67.94660976296501, gains = 34.80860001216091
01/08/2025 10:05:58 AM: INFO A = 0.3600, losses = 67.80574547450284, gains = 34.79049862616301
01/08/2025 10:05:58 AM: INFO A = 0.3700, losses = 86.46931638221686, gains = 37.34069873909062
01/08/2025 10:05:58 AM: INFO A = 0.3800, losses = 89.19889589364553, gains = 32.99481686865131
01/08/2025 10:05:59 AM: INFO A = 0.3900, losses = 70.25190402829651, gains = 30.304719505989205
01/08/2025 10:05:59 AM: INFO A = 0.4000, losses = 7.062146892655368, gains = 7.062146892655368
01/08/2025 10:05:59 AM: INFO A = 0.4100, losses = 818.3152435411525, gains = 81.83152435411526
01/08/2025 10:05:59 AM: INFO A = 0.4200, losses = 818.7143944295862, gains = 81.87143944295862
01/08/2025 10:05:59 AM: INFO A = 0.4300, losses = 69.89684912161778, gains = 30.26134264251508
01/08/2025 10:05:59 AM: INFO A = 0.4400, losses = 69.8083327854907, gains = 30.25052865372297
01/08/2025 10:05:59 AM: INFO A = 0.4500, losses = 69.71991507480773, gains = 30.239726711518742
01/08/2025 10:05:59 AM: INFO A = 0.4600, losses = 69.63159582479689, gains = 30.228936794171315
01/08/2025 10:05:59 AM: INFO A = 0.4700, losses = 87.87628899361684, gains = 32.83168775413051
01/08/2025 10:05:59 AM: INFO A = 0.4800, losses = 69.45525204983791, gains = 30.207392976435067
01/08/2025 10:05:59 AM: INFO A = 0.4900, losses = 87.58503582744049, gains = 32.79576485704055
01/08/2025 10:05:59 AM: INFO A = 0.5000, losses = 69.27930014990427, gains = 30.18589702968542
01/08/2025 10:05:59 AM: INFO A = 0.5100, losses = 87.2947394195433, gains = 32.759959966905214
01/08/2025 10:05:59 AM: INFO A = 0.5200, losses = 69.10373882022574, gains = 30.16444880049002
01/08/2025 10:05:59 AM: INFO A = 0.5300, losses = 69.01610421306509, gains = 30.15374252843839
01/08/2025 10:05:59 AM: INFO A = 0.5400, losses = 140.6865503657851, gains = 14.068655036578512
01/08/2025 10:05:59 AM: INFO A = 0.5500, losses = 68.84112630491718, gains = 30.132365575414138
01/08/2025 10:05:59 AM: INFO A = 0.5600, losses = 68.3540610600622, gains = 39.00000000000001
01/08/2025 10:05:59 AM: INFO A = 0.5700, losses = 824.4687807429992, gains = 82.44687807429992
01/08/2025 10:05:59 AM: INFO A = 0.5800, losses = 824.8376114398544, gains = 82.48376114398545
01/08/2025 10:05:59 AM: INFO A = 0.5900, losses = 80.75434067492577, gains = 45.35593220338984
01/08/2025 10:05:59 AM: INFO A = 0.6000, losses = 86.0182620105582, gains = 47.33333333333333
01/08/2025 10:05:59 AM: INFO A = 0.6100, losses = 132.37409735424978, gains = 49.24590377164246
01/08/2025 10:05:59 AM: INFO A = 0.6200, losses = 70.1355344391998, gains = 33.09679088247117
01/08/2025 10:05:59 AM: INFO A = 0.6300, losses = 103.57485828996272, gains = 52.8888888888889
01/08/2025 10:05:59 AM: INFO A = 0.6400, losses = 109.79235587746741, gains = 54.62500328951978
01/08/2025 10:05:59 AM: INFO A = 0.6500, losses = 116.68778185608448, gains = 56.307689238731825
01/08/2025 10:05:59 AM: INFO Infeasible problem
01/08/2025 10:05:59 AM: INFO A = 0.6600, losses = 0, gains = 0
01/08/2025 10:05:59 AM: INFO Infeasible problem
01/08/2025 10:05:59 AM: INFO A = 0.6700, losses = 0, gains = 0
01/08/2025 10:05:59 AM: INFO Infeasible problem
01/08/2025 10:05:59 AM: INFO A = 0.6800, losses = 0, gains = 0
01/08/2025 10:05:59 AM: INFO Infeasible problem
01/08/2025 10:05:59 AM: INFO A = 0.6900, losses = 0, gains = 0
01/08/2025 10:05:59 AM: INFO Infeasible problem
01/08/2025 10:05:59 AM: INFO A = 0.7000, losses = 0, gains = 0
01/08/2025 10:05:59 AM: INFO Infeasible problem
01/08/2025 10:05:59 AM: INFO A = 0.7100, losses = 0, gains = 0
01/08/2025 10:05:59 AM: INFO Infeasible problem
01/08/2025 10:05:59 AM: INFO A = 0.7200, losses = 0, gains = 0
01/08/2025 10:05:59 AM: INFO A = 0.7300, losses = 6.996921354603977, gains = 6.996921354603977
01/08/2025 10:05:59 AM: INFO A = 0.7400, losses = 6.9949636261891435, gains = 6.9949636261891435
01/08/2025 10:05:59 AM: INFO A = 0.7500, losses = 6.993006993006993, gains = 6.993006993006993
01/08/2025 10:05:59 AM: INFO Infeasible problem
01/08/2025 10:05:59 AM: INFO A = 0.7600, losses = 0, gains = 0
01/08/2025 10:05:59 AM: INFO A = 0.7700, losses = 6.98909700866648, gains = 6.98909700866648
01/08/2025 10:05:59 AM: INFO A = 0.7800, losses = 6.987143655673561, gains = 6.987143655673561
01/08/2025 10:05:59 AM: INFO A = 0.7900, losses = 6.985191394244203, gains = 6.985191394244203
01/08/2025 10:05:59 AM: INFO A = 0.8000, losses = 6.983240223463688, gains = 6.983240223463688
01/08/2025 10:05:59 AM: INFO A = 0.8100, losses = 27.777777778753897, gains = 27.777777778753897
01/08/2025 10:05:59 AM: INFO A = 0.8200, losses = 28.904344047438435, gains = 28.904344047438435
01/08/2025 10:05:59 AM: INFO A = 0.8300, losses = 29.752899303065455, gains = 29.752899303065455
01/08/2025 10:05:59 AM: INFO A = 0.8400, losses = 6.975446428571427, gains = 6.975446428571427
01/08/2025 10:05:59 AM: INFO A = 0.8500, losses = 6.97350069735007, gains = 6.97350069735007
01/08/2025 10:05:59 AM: INFO A = 0.8600, losses = 6.971556051310652, gains = 6.971556051310652
01/08/2025 10:05:59 AM: INFO A = 0.8700, losses = 6.9696124895455815, gains = 6.9696124895455815
01/08/2025 10:05:59 AM: INFO A = 0.8800, losses = 10.22012180481107, gains = 10.22012168148836
01/08/2025 10:05:59 AM: INFO A = 0.8900, losses = 6.965728615213152, gains = 6.965728615213152
01/08/2025 10:05:59 AM: INFO A = 0.9000, losses = 6.963788300835655, gains = 6.963788300835655
01/08/2025 10:05:59 AM: INFO A = 0.9100, losses = 6.961849067112226, gains = 6.961849067112226
01/08/2025 10:05:59 AM: INFO A = 0.9200, losses = 6.959910913140312, gains = 6.959910913140312
01/08/2025 10:05:59 AM: INFO A = 0.9300, losses = 6.957973838018369, gains = 6.957973838018369
01/08/2025 10:05:59 AM: INFO A = 0.9400, losses = 6.956037840845855, gains = 6.956037840845855
01/08/2025 10:05:59 AM: INFO A = 0.9500, losses = 6.954102920723226, gains = 6.954102920723226
01/08/2025 10:05:59 AM: INFO A = 0.9600, losses = 6.952169076751947, gains = 6.952169076751947
01/08/2025 10:05:59 AM: INFO A = 0.9700, losses = 6.950236308034473, gains = 6.950236308034473
01/08/2025 10:05:59 AM: INFO A = 0.9800, losses = 6.948304613674264, gains = 6.948304613674264
01/08/2025 10:05:59 AM: INFO A = 0.9900, losses = 6.94637399277577, gains = 6.94637399277577
01/08/2025 10:06:00 AM: INFO Plot saved to plots/actual_seq_A.png
